# JRE version: Java(TM) SE Runtime Environment (8.0_311-b11) (build 1.8.0_311-b11)
# Java VM: Java HotSpot(TM) 64-Bit Server VM (25.311-b11 mixed mode windows-amd64 compressed oops)
Heap:
 PSYoungGen      total 45056K, used 34174K [0x00000000eb500000, 0x00000000ee780000, 0x0000000100000000)
  eden space 38912K, 82% used [0x00000000eb500000,0x00000000ed434540,0x00000000edb00000)
  from space 6144K, 36% used [0x00000000ee100000,0x00000000ee32b3b0,0x00000000ee700000)
  to   space 6144K, 0% used [0x00000000edb00000,0x00000000edb00000,0x00000000ee100000)
 ParOldGen       total 70144K, used 41211K [0x00000000c1e00000, 0x00000000c6280000, 0x00000000eb500000)
  object space 70144K, 58% used [0x00000000c1e00000,0x00000000c463ecc0,0x00000000c6280000)
 Metaspace       used 26755K, capacity 28104K, committed 28288K, reserved 1073152K
  class space    used 3380K, capacity 3688K, committed 3712K, reserved 1048576K
GC Heap History (10 events):
Event: 15.282 GC heap before
{Heap before GC invocations=10 (full 1):
 PSYoungGen      total 29184K, used 28957K [0x00000000eb500000, 0x00000000edd00000, 0x0000000100000000)
  eden space 27136K, 100% used [0x00000000eb500000,0x00000000ecf80000,0x00000000ecf80000)
  from space 2048K, 88% used [0x00000000edb00000,0x00000000edcc77b0,0x00000000edd00000)
  to   space 6144K, 0% used [0x00000000ed100000,0x00000000ed100000,0x00000000ed700000)
 ParOldGen       total 32768K, used 8269K [0x00000000c1e00000, 0x00000000c3e00000, 0x00000000eb500000)
  object space 32768K, 25% used [0x00000000c1e00000,0x00000000c26136d0,0x00000000c3e00000)
 Metaspace       used 23963K, capacity 25012K, committed 25216K, reserved 1071104K
  class space    used 3075K, capacity 3370K, committed 3456K, reserved 1048576K
Event: 15.298 GC heap after
Heap after GC invocations=10 (full 1):
 PSYoungGen      total 34816K, used 1899K [0x00000000eb500000, 0x00000000ee600000, 0x0000000100000000)
  eden space 28672K, 0% used [0x00000000eb500000,0x00000000eb500000,0x00000000ed100000)
  from space 6144K, 30% used [0x00000000ed100000,0x00000000ed2dacf0,0x00000000ed700000)
  to   space 6144K, 0% used [0x00000000ee000000,0x00000000ee000000,0x00000000ee600000)
 ParOldGen       total 32768K, used 24661K [0x00000000c1e00000, 0x00000000c3e00000, 0x00000000eb500000)
  object space 32768K, 75% used [0x00000000c1e00000,0x00000000c36156e0,0x00000000c3e00000)
 Metaspace       used 23963K, capacity 25012K, committed 25216K, reserved 1071104K
  class space    used 3075K, capacity 3370K, committed 3456K, reserved 1048576K
}
Event: 15.298 GC heap before
{Heap before GC invocations=11 (full 2):
 PSYoungGen      total 34816K, used 1899K [0x00000000eb500000, 0x00000000ee600000, 0x0000000100000000)
  eden space 28672K, 0% used [0x00000000eb500000,0x00000000eb500000,0x00000000ed100000)
  from space 6144K, 30% used [0x00000000ed100000,0x00000000ed2dacf0,0x00000000ed700000)
  to   space 6144K, 0% used [0x00000000ee000000,0x00000000ee000000,0x00000000ee600000)
 ParOldGen       total 32768K, used 24661K [0x00000000c1e00000, 0x00000000c3e00000, 0x00000000eb500000)
  object space 32768K, 75% used [0x00000000c1e00000,0x00000000c36156e0,0x00000000c3e00000)
 Metaspace       used 23963K, capacity 25012K, committed 25216K, reserved 1071104K
  class space    used 3075K, capacity 3370K, committed 3456K, reserved 1048576K
Event: 15.412 GC heap after
Heap after GC invocations=11 (full 2):
 PSYoungGen      total 34816K, used 0K [0x00000000eb500000, 0x00000000ee600000, 0x0000000100000000)
  eden space 28672K, 0% used [0x00000000eb500000,0x00000000eb500000,0x00000000ed100000)
  from space 6144K, 0% used [0x00000000ed100000,0x00000000ed100000,0x00000000ed700000)
  to   space 6144K, 0% used [0x00000000ee000000,0x00000000ee000000,0x00000000ee600000)
 ParOldGen       total 70144K, used 24803K [0x00000000c1e00000, 0x00000000c6280000, 0x00000000eb500000)
  object space 70144K, 35% used [0x00000000c1e00000,0x00000000c3638cb0,0x00000000c6280000)
 Metaspace       used 23963K, capacity 25012K, committed 25216K, reserved 1071104K
  class space    used 3075K, capacity 3370K, committed 3456K, reserved 1048576K
}
Event: 41.289 GC heap before
{Heap before GC invocations=12 (full 2):
 PSYoungGen      total 34816K, used 28672K [0x00000000eb500000, 0x00000000ee600000, 0x0000000100000000)
  eden space 28672K, 100% used [0x00000000eb500000,0x00000000ed100000,0x00000000ed100000)
  from space 6144K, 0% used [0x00000000ed100000,0x00000000ed100000,0x00000000ed700000)
  to   space 6144K, 0% used [0x00000000ee000000,0x00000000ee000000,0x00000000ee600000)
 ParOldGen       total 70144K, used 24803K [0x00000000c1e00000, 0x00000000c6280000, 0x00000000eb500000)
  object space 70144K, 35% used [0x00000000c1e00000,0x00000000c3638cb0,0x00000000c6280000)
 Metaspace       used 26035K, capacity 27328K, committed 27520K, reserved 1073152K
  class space    used 3348K, capacity 3664K, committed 3712K, reserved 1048576K
Event: 41.293 GC heap after
Heap after GC invocations=12 (full 2):
 PSYoungGen      total 36864K, used 2885K [0x00000000eb500000, 0x00000000ee300000, 0x0000000100000000)
  eden space 33792K, 0% used [0x00000000eb500000,0x00000000eb500000,0x00000000ed600000)
  from space 3072K, 93% used [0x00000000ee000000,0x00000000ee2d1548,0x00000000ee300000)
  to   space 6144K, 0% used [0x00000000ed700000,0x00000000ed700000,0x00000000edd00000)
 ParOldGen       total 70144K, used 24811K [0x00000000c1e00000, 0x00000000c6280000, 0x00000000eb500000)
  object space 70144K, 35% used [0x00000000c1e00000,0x00000000c363acb0,0x00000000c6280000)
 Metaspace       used 26035K, capacity 27328K, committed 27520K, reserved 1073152K
  class space    used 3348K, capacity 3664K, committed 3712K, reserved 1048576K
}
Event: 48.229 GC heap before
{Heap before GC invocations=13 (full 2):
 PSYoungGen      total 36864K, used 20836K [0x00000000eb500000, 0x00000000ee300000, 0x0000000100000000)
  eden space 33792K, 53% used [0x00000000eb500000,0x00000000ec687cb0,0x00000000ed600000)
  from space 3072K, 93% used [0x00000000ee000000,0x00000000ee2d1548,0x00000000ee300000)
  to   space 6144K, 0% used [0x00000000ed700000,0x00000000ed700000,0x00000000edd00000)
 ParOldGen       total 70144K, used 24811K [0x00000000c1e00000, 0x00000000c6280000, 0x00000000eb500000)
  object space 70144K, 35% used [0x00000000c1e00000,0x00000000c363acb0,0x00000000c6280000)
 Metaspace       used 26363K, capacity 27678K, committed 27776K, reserved 1073152K
  class space    used 3373K, capacity 3683K, committed 3712K, reserved 1048576K
Event: 48.232 GC heap after
Heap after GC invocations=13 (full 2):
 PSYoungGen      total 40960K, used 1715K [0x00000000eb500000, 0x00000000ee700000, 0x0000000100000000)
  eden space 34816K, 0% used [0x00000000eb500000,0x00000000eb500000,0x00000000ed700000)
  from space 6144K, 27% used [0x00000000ed700000,0x00000000ed8acc98,0x00000000edd00000)
  to   space 6144K, 0% used [0x00000000ee100000,0x00000000ee100000,0x00000000ee700000)
 ParOldGen       total 70144K, used 24819K [0x00000000c1e00000, 0x00000000c6280000, 0x00000000eb500000)
  object space 70144K, 35% used [0x00000000c1e00000,0x00000000c363ccb0,0x00000000c6280000)
 Metaspace       used 26363K, capacity 27678K, committed 27776K, reserved 1073152K
  class space    used 3373K, capacity 3683K, committed 3712K, reserved 1048576K
}
Event: 69.436 GC heap before
{Heap before GC invocations=14 (full 2):
 PSYoungGen      total 40960K, used 36531K [0x00000000eb500000, 0x00000000ee700000, 0x0000000100000000)
  eden space 34816K, 100% used [0x00000000eb500000,0x00000000ed700000,0x00000000ed700000)
  from space 6144K, 27% used [0x00000000ed700000,0x00000000ed8acc98,0x00000000edd00000)
  to   space 6144K, 0% used [0x00000000ee100000,0x00000000ee100000,0x00000000ee700000)
 ParOldGen       total 70144K, used 24819K [0x00000000c1e00000, 0x00000000c6280000, 0x00000000eb500000)
  object space 70144K, 35% used [0x00000000c1e00000,0x00000000c363ccb0,0x00000000c6280000)
 Metaspace       used 26564K, capacity 27888K, committed 28032K, reserved 1073152K
  class space    used 3373K, capacity 3684K, committed 3712K, reserved 1048576K
Event: 69.469 GC heap after
Heap after GC invocations=14 (full 2):
 PSYoungGen      total 45056K, used 2220K [0x00000000eb500000, 0x00000000ee780000, 0x0000000100000000)
  eden space 38912K, 0% used [0x00000000eb500000,0x00000000eb500000,0x00000000edb00000)
  from space 6144K, 36% used [0x00000000ee100000,0x00000000ee32b3b0,0x00000000ee700000)
  to   space 6144K, 0% used [0x00000000edb00000,0x00000000edb00000,0x00000000ee100000)
 ParOldGen       total 70144K, used 41211K [0x00000000c1e00000, 0x00000000c6280000, 0x00000000eb500000)
  object space 70144K, 58% used [0x00000000c1e00000,0x00000000c463ecc0,0x00000000c6280000)
 Metaspace       used 26564K, capacity 27888K, committed 28032K, reserved 1073152K
  class space    used 3373K, capacity 3684K, committed 3712K, reserved 1048576K
}

